<?xml version="1.0" encoding="utf-8"?><testsuites name="pytest tests"><testsuite name="pytest" errors="0" failures="0" skipped="0" tests="11" time="1.006" timestamp="2026-05-09T13:34:54.922817+00:00" hostname="agent-env-4924c5c1-d909-42fc-91f6-62792d007b29"><testcase classname="backend.tests.test_cognitive_assessment" name="test_health" time="0.213" /><testcase classname="backend.tests.test_cognitive_assessment" name="test_create_user_minimal" time="0.056" /><testcase classname="backend.tests.test_cognitive_assessment" name="test_session_full_score" time="0.106" /><testcase classname="backend.tests.test_cognitive_assessment" name="test_session_zero_score" time="0.055" /><testcase classname="backend.tests.test_cognitive_assessment" name="test_session_mid_score_levels" time="0.050" /><testcase classname="backend.tests.test_cognitive_assessment" name="test_session_proficient_level" time="0.053" /><testcase classname="backend.tests.test_cognitive_assessment" name="test_session_dimension_blends" time="0.052" /><testcase classname="backend.tests.test_cognitive_assessment" name="test_get_session_persistence" time="0.138" /><testcase classname="backend.tests.test_cognitive_assessment" name="test_get_session_not_found" time="0.052" /><testcase classname="backend.tests.test_cognitive_assessment" name="test_session_unknown_user" time="0.055" /><testcase classname="backend.tests.test_cognitive_assessment" name="test_session_clamps_over_max" time="0.050" /></testsuite></testsuites>